#
# A fatal error has been detected by the Java Runtime Environment:
#
#  SIGSEGV (0xb) at pc=0x00000001070a5269, pid=2435, tid=1799
#
# JRE version: 7.0_09-b05
# Java VM: Java HotSpot(TM) 64-Bit Server VM (23.5-b02 mixed mode bsd-amd64 compressed oops)
# Problematic frame:
# V  [libjvm.dylib+0x2a5269]
#
# Failed to write core dump. Core dumps have been disabled. To enable core dumping, try "ulimit -c unlimited" before starting Java again
#
# If you would like to submit a bug report, please visit:
#   http://bugreport.sun.com/bugreport/crash.jsp
#

---------------  T H R E A D  ---------------

Current thread (0x00007f83a3019800):  JavaThread "JavaFX Application Thread" [_thread_in_vm, id=1799, stack(0x00007fff65fec000,0x00007fff667ec000)]

siginfo:si_signo=SIGSEGV: si_errno=0, si_code=1 (SEGV_MAPERR), si_addr=0x0000000000000000

Registers:
RAX=0x00007fff667df810, RBX=0x00007fff667df798, RCX=0x0000000000000000, RDX=0x00007fff667df798
RSP=0x00007fff667df670, RBP=0x00007fff667df680, RSI=0x0000000000000000, RDI=0x00007fff667df748
R8 =0x0000000000000000, R9 =0x0000000000000001, R10=0x00007f83a0ebb4b0, R11=0x0000000106d08328
R12=0x00007f83a3019800, R13=0x0000000106da7720, R14=0x00007fff667df748, R15=0x00007f83a30199d8
RIP=0x00000001070a5269, EFLAGS=0x0000000000010246, ERR=0x0000000000000004
  TRAPNO=0x000000000000000e

Top of Stack: (sp=0x00007fff667df670)
0x00007fff667df670:   0000000000000000 00007fff667df748
0x00007fff667df680:   00007fff667df800 000000010709d271
0x00007fff667df690:   00007fff667df6d0 00007fff88b30ac3
0x00007fff667df6a0:   6a007fff92af93fc 0000000000000000
0x00007fff667df6b0:   0000000000000000 0000000000000001
0x00007fff667df6c0:   00007fff92f8bb78 00007fff88b392a4
0x00007fff667df6d0:   00007fff667df700 0000000106dab320
0x00007fff667df6e0:   0000000106daa2f0 0000000106da7720
0x00007fff667df6f0:   00000001116907c0 00007fff77407de8
0x00007fff667df700:   00007fff667df730 00007fff88b391ef
0x00007fff667df710:   0000000106daa9f0 0000000106daa2f0
0x00007fff667df720:   0000000000000290 0000000106da9f20
0x00007fff667df730:   00007fff667df800 00007fff88b36ff0
0x00007fff667df740:   0000000000000001 0000000000000010
0x00007fff667df750:   00007fff667dfae0 00007fff667dfc60
0x00007fff667df760:   00000001116907c0 0000000000000002
0x00007fff667df770:   0000000000000001 0000000000000000
0x00007fff667df780:   00007fff667dfc60 000000010000000e
0x00007fff667df790:   00007fff667df800 0000003000000018
0x00007fff667df7a0:   00007fff667df810 00007fff667df690
0x00007fff667df7b0:   00007f83a3019800 0000000000000000
0x00007fff667df7c0:   0000000000000000 0000000000000000
0x00007fff667df7d0:   00007f83a3019800 00007f83a3019800
0x00007fff667df7e0:   000000010709d17b 0000000000000001
0x00007fff667df7f0:   0000000000000001 00007f83a30199d8
0x00007fff667df800:   00007fff667dfce0 0000000111668840
0x00007fff667df810:   40729a3468e59ca7 0000000000000000
0x00007fff667df820:   406aeddbb78bc7f5 0000000000000000
0x00007fff667df830:   404c000000000000 0000000000000000
0x00007fff667df840:   00007fff667dfae0 0000000000000000
0x00007fff667df850:   0000000106da9900 00007fff667dfc60
0x00007fff667df860:   0000000106daabf0 00007fff8be99a05 

Instructions: (pc=0x00000001070a5269)
0x00000001070a5249:   3e 00 48 83 c0 10 49 89 06 49 89 5e 28 5b 41 5e
0x00000001070a5259:   5d c3 90 55 48 89 e5 41 56 53 48 89 d3 49 89 fe
0x00000001070a5269:   48 8b 06 48 8b 48 10 48 8b 78 18 0f b7 71 42 e8
0x00000001070a5279:   b5 2a 21 00 48 89 c6 48 83 e6 fe 4c 89 f7 e8 64 

Register to memory mapping:

RAX=0x00007fff667df810 is pointing into the stack for thread: 0x00007f83a3019800
RBX=0x00007fff667df798 is pointing into the stack for thread: 0x00007f83a3019800
RCX=0x0000000000000000 is an unknown value
RDX=0x00007fff667df798 is pointing into the stack for thread: 0x00007f83a3019800
RSP=0x00007fff667df670 is pointing into the stack for thread: 0x00007f83a3019800
RBP=0x00007fff667df680 is pointing into the stack for thread: 0x00007f83a3019800
RSI=0x0000000000000000 is an unknown value
RDI=0x00007fff667df748 is pointing into the stack for thread: 0x00007f83a3019800
R8 =0x0000000000000000 is an unknown value
R9 =0x0000000000000001 is an unknown value
R10=0x00007f83a0ebb4b0 is an unknown value
R11=0x0000000106d08328 is an unknown value
R12=0x00007f83a3019800 is a thread
R13=0x0000000106da7720 is an unknown value
R14=0x00007fff667df748 is pointing into the stack for thread: 0x00007f83a3019800
R15=0x00007f83a30199d8 is an unknown value


Stack: [0x00007fff65fec000,0x00007fff667ec000],  sp=0x00007fff667df670,  free space=8141k
Native frames: (J=compiled Java code, j=interpreted, Vv=VM code, C=native code)
V  [libjvm.dylib+0x2a5269]
V  [libjvm.dylib+0x29d271]
C  [libglass.dylib+0x16840]  -[GlassTouches(hidden) sendJavaTouchEvent:]+0x450
C  [libglass.dylib+0x1602f]  listenTouchEvents+0x3f
C  [CoreGraphics+0x315621]  processEventTapData+0x2de
C  [CoreGraphics+0x3143a7]  _CGXPostEventTapData+0xb8
C  [CoreGraphics+0x5a3676]  _XPostEventTapData+0x100
C  [CoreGraphics+0x5a3545]  CGXEventTap_server+0x92
C  [CoreGraphics+0x314fbc]  eventTapMessageHandler+0x1e
C  [CoreFoundation+0x2c52]  __CFMachPortPerform+0x182
C  [CoreFoundation+0x2abc]  __CFRUNLOOP_IS_CALLING_OUT_TO_A_SOURCE1_PERFORM_FUNCTION__+0x2c
C  [CoreFoundation+0x27eb]  __CFRunLoopDoSource1+0x9b
C  [CoreFoundation+0x38f27]  __CFRunLoopRun+0x767
C  [CoreFoundation+0x38486]  CFRunLoopRunSpecific+0xe6
C  [HIToolbox+0x22bf]  RunCurrentEventLoopInMode+0x115
C  [HIToolbox+0x94bf]  ReceiveNextEventCommon+0xb5
C  [HIToolbox+0x93fa]  BlockUntilNextEventMatchingListInMode+0x3e
C  [AppKit+0x8779]  _DPSNextEvent+0x293
C  [AppKit+0x807d]  -[NSApplication nextEventMatchingMask:untilDate:inMode:dequeue:]+0x87
C  [AppKit+0x49b9]  -[NSApplication run]+0x1d6
C  [libglass.dylib+0x34c9]  -[GlassApplication runLoop:]+0x309
C  [CoreFoundation+0x9370d]  -[NSObject performSelector:withObject:]+0x3d
C  [Foundation+0x4fd70]  __NSThreadPerformPerform+0xd6
C  [CoreFoundation+0x124f1]  __CFRUNLOOP_IS_CALLING_OUT_TO_A_SOURCE0_PERFORM_FUNCTION__+0x11
C  [CoreFoundation+0x11d5d]  __CFRunLoopDoSources0+0xfd
C  [CoreFoundation+0x38b49]  __CFRunLoopRun+0x389
C  [CoreFoundation+0x38486]  CFRunLoopRunSpecific+0xe6
C  [java+0x74bc]  CreateExecutionEnvironment+0x367
C  [java+0x1cac]  JLI_Launch+0x7a0
C  [java+0x7819]  main+0x65
C  [java+0x1504]  start+0x34


---------------  P R O C E S S  ---------------

Java Threads: ( => current thread )
  0x00007f83a11a0800 JavaThread "Thread-5" daemon [_thread_in_native, id=31491, stack(0x0000000112f35000,0x0000000112fb5000)]
=>0x00007f83a3019800 JavaThread "JavaFX Application Thread" [_thread_in_vm, id=1799, stack(0x00007fff65fec000,0x00007fff667ec000)]
  0x00007f83a18c6800 JavaThread "Thread-3" daemon [_thread_blocked, id=25347, stack(0x00000001116b2000,0x00000001117b2000)]
  0x00007f83a2882000 JavaThread "Disposer" daemon [_thread_blocked, id=24835, stack(0x0000000111550000,0x0000000111650000)]
  0x00007f83a1085000 JavaThread "QuantumRenderer-0" daemon [_thread_blocked, id=19715, stack(0x00000001108c3000,0x00000001109c3000)]
  0x00007f83a1084000 JavaThread "JavaFX-Launcher" [_thread_blocked, id=19459, stack(0x00000001107a4000,0x00000001108a4000)]
  0x00007f83a307e800 JavaThread "traceMsgQueueThread" daemon [_thread_blocked, id=19203, stack(0x000000011067d000,0x000000011077d000)]
  0x00007f83a1034800 JavaThread "Service Thread" daemon [_thread_blocked, id=18691, stack(0x0000000110333000,0x0000000110433000)]
  0x00007f83a301c000 JavaThread "C2 CompilerThread1" daemon [_thread_blocked, id=18435, stack(0x0000000110230000,0x0000000110330000)]
  0x00007f83a301a800 JavaThread "C2 CompilerThread0" daemon [_thread_blocked, id=18179, stack(0x000000011012d000,0x000000011022d000)]
  0x00007f83a3019000 JavaThread "Signal Dispatcher" daemon [_thread_blocked, id=17923, stack(0x000000011002a000,0x000000011012a000)]
  0x00007f83a1831800 JavaThread "Finalizer" daemon [_thread_blocked, id=14083, stack(0x000000010fd22000,0x000000010fe22000)]
  0x00007f83a2810800 JavaThread "Reference Handler" daemon [_thread_blocked, id=13827, stack(0x000000010fc1f000,0x000000010fd1f000)]
  0x00007f83a1800800 JavaThread "main" [_thread_blocked, id=7171, stack(0x00000001078a8000,0x00000001079a8000)]

Other Threads:
  0x00007f83a280e000 VMThread [stack: 0x000000010fb1c000,0x000000010fc1c000] [id=13571]
  0x00007f83a1054000 WatcherThread [stack: 0x0000000110436000,0x0000000110536000] [id=18947]

VM state:not at safepoint (normal execution)

VM Mutex/Monitor currently owned by a thread: None

Heap
 PSYoungGen      total 24192K, used 12701K [0x00000007e50b0000, 0x00000007e6ba0000, 0x0000000800000000)
  eden space 20800K, 61% used [0x00000007e50b0000,0x00000007e5d176c8,0x00000007e6500000)
  from space 3392K, 0% used [0x00000007e6850000,0x00000007e6850000,0x00000007e6ba0000)
  to   space 3392K, 0% used [0x00000007e6500000,0x00000007e6500000,0x00000007e6850000)
 ParOldGen       total 55232K, used 0K [0x00000007af200000, 0x00000007b27f0000, 0x00000007e50b0000)
  object space 55232K, 0% used [0x00000007af200000,0x00000007af200000,0x00000007b27f0000)
 PSPermGen       total 21248K, used 7981K [0x00000007aa000000, 0x00000007ab4c0000, 0x00000007af200000)
  object space 21248K, 37% used [0x00000007aa000000,0x00000007aa7cb540,0x00000007ab4c0000)

Card table byte_map: [0x000000010aaa3000,0x000000010ad54000] byte_map_base: 0x0000000106d53000

Polling page: 0x0000000106cf3000

Code Cache  [0x00000001079e3000, 0x0000000107c53000, 0x000000010a9e3000)
 total_blobs=360 nmethods=29 adapters=283 free_code_cache=48623Kb largest_free_block=49768640

Compilation events (10 events):
Event: 1.185 Thread 0x00007f83a301c000 nmethod 25 0x0000000107a5e1d0 code [0x0000000107a5e360, 0x0000000107a5ec58]
Event: 1.185 Thread 0x00007f83a301c000   26             com.sun.javafx.css.ParsedValue::getContainsLookupsFlag (225 bytes)
Event: 1.200 Thread 0x00007f83a301c000 nmethod 26 0x0000000107a5b0d0 code [0x0000000107a5b220, 0x0000000107a5b718]
Event: 1.200 Thread 0x00007f83a301c000   27             java.util.HashMap::get (29 bytes)
Event: 1.201 Thread 0x00007f83a301c000 nmethod 27 0x0000000107a59310 code [0x0000000107a59460, 0x0000000107a59508]
Event: 1.201 Thread 0x00007f83a301c000   28             com.sun.javafx.css.ParsedValue::getNeedsFontFlag (188 bytes)
Event: 1.210 Thread 0x00007f83a301c000 nmethod 28 0x0000000107a5aa90 code [0x0000000107a5abe0, 0x0000000107a5af38]
Event: 1.245 Thread 0x00007f83a301a800 nmethod 22 0x0000000107a65710 code [0x0000000107a65cc0, 0x0000000107a67f60]
Event: 1.466 Thread 0x00007f83a301c000   29             java.lang.String::startsWith (72 bytes)
Event: 1.469 Thread 0x00007f83a301c000 nmethod 29 0x0000000107a60310 code [0x0000000107a60460, 0x0000000107a60598]

GC Heap History (0 events):
No events

Deoptimization events (2 events):
Event: 1.179 Thread 0x00007f83a3019800 Uncommon trap -12 fr.pc 0x0000000107a5f434
Event: 1.179 Thread 0x00007f83a3019800 Uncommon trap -12 fr.pc 0x0000000107a5f824

Internal exceptions (10 events):
Event: 0.115 Thread 0x00007f83a1800800 Threw 0x00000007e5173100 at /HUDSON/workspace/jdk7u9-2-build-macosx-amd64-product/jdk7u9/hotspot/src/share/vm/prims/jvm.cpp:1166
Event: 0.124 Thread 0x00007f83a1800800 Threw 0x00000007e518bcc0 at /HUDSON/workspace/jdk7u9-2-build-macosx-amd64-product/jdk7u9/hotspot/src/share/vm/prims/jvm.cpp:1166
Event: 0.124 Thread 0x00007f83a1800800 Threw 0x00000007e518bde8 at /HUDSON/workspace/jdk7u9-2-build-macosx-amd64-product/jdk7u9/hotspot/src/share/vm/prims/jvm.cpp:1166
Event: 0.125 Thread 0x00007f83a1800800 Threw 0x00000007e5196c68 at /HUDSON/workspace/jdk7u9-2-build-macosx-amd64-product/jdk7u9/hotspot/src/share/vm/prims/jvm.cpp:1166
Event: 0.125 Thread 0x00007f83a1800800 Threw 0x00000007e5196d90 at /HUDSON/workspace/jdk7u9-2-build-macosx-amd64-product/jdk7u9/hotspot/src/share/vm/prims/jvm.cpp:1166
Event: 0.275 Thread 0x00007f83a1084000 Threw 0x00000007e52c4f60 at /HUDSON/workspace/jdk7u9-2-build-macosx-amd64-product/jdk7u9/hotspot/src/share/vm/interpreter/linkResol
Event: 1.038 Thread 0x00007f83a3019800 Threw 0x00000007e58b49b0 at /HUDSON/workspace/jdk7u9-2-build-macosx-amd64-product/jdk7u9/hotspot/src/share/vm/interpreter/linkResol
Event: 1.038 Thread 0x00007f83a3019800 Threw 0x00000007e58b49b0 at /HUDSON/workspace/jdk7u9-2-build-macosx-amd64-product/jdk7u9/hotspot/src/share/vm/prims/jvm.cpp:1170
Event: 1.179 Thread 0x00007f83a3019800 Implicit null exception at 0x0000000107a5f1ec to 0x0000000107a5f429
Event: 1.179 Thread 0x00007f83a3019800 Implicit null exception at 0x0000000107a5f6ac to 0x0000000107a5f819

Events (10 events):
Event: 1.491 loading class 0x00007f83a0e45530
Event: 1.491 loading class 0x00007f83a0e45530 done
Event: 1.492 loading class 0x00007f83a0d4b620
Event: 1.492 loading class 0x00007f83a0d4b620 done
Event: 1.536 loading class 0x00007f83a0e39480
Event: 1.536 loading class 0x00007f83a0e394e0
Event: 1.536 loading class 0x00007f83a0e394e0 done
Event: 1.536 loading class 0x00007f83a0e39480 done
Event: 1.582 loading class 0x00007f83a0ea9350
Event: 1.582 loading class 0x00007f83a0ea9350 done


Dynamic libraries:
0x0000000006aae000 	/System/Library/Frameworks/Cocoa.framework/Versions/A/Cocoa
0x0000000006aae000 	/System/Library/Frameworks/Security.framework/Versions/A/Security
0x0000000006aae000 	/System/Library/Frameworks/ApplicationServices.framework/Versions/A/ApplicationServices
0x0000000006aae000 	/usr/lib/libz.1.dylib
0x0000000006aae000 	/usr/lib/libSystem.B.dylib
0x0000000006aae000 	/usr/lib/libobjc.A.dylib
0x0000000006aae000 	/System/Library/Frameworks/CoreFoundation.framework/Versions/A/CoreFoundation
0x0000000006aae000 	/System/Library/Frameworks/AppKit.framework/Versions/C/AppKit
0x0000000006aae000 	/System/Library/Frameworks/CoreData.framework/Versions/A/CoreData
0x0000000006aae000 	/System/Library/Frameworks/Foundation.framework/Versions/C/Foundation
0x0000000006aae000 	/System/Library/PrivateFrameworks/RemoteViewServices.framework/Versions/A/RemoteViewServices
0x0000000006aae000 	/System/Library/Frameworks/AudioToolbox.framework/Versions/A/AudioToolbox
0x0000000006aae000 	/System/Library/Frameworks/AudioUnit.framework/Versions/A/AudioUnit
0x0000000006aae000 	/System/Library/PrivateFrameworks/DataDetectorsCore.framework/Versions/A/DataDetectorsCore
0x0000000006aae000 	/System/Library/PrivateFrameworks/DesktopServicesPriv.framework/Versions/A/DesktopServicesPriv
0x0000000006aae000 	/System/Library/Frameworks/Carbon.framework/Versions/A/Frameworks/HIToolbox.framework/Versions/A/HIToolbox
0x0000000006aae000 	/System/Library/Frameworks/QuartzCore.framework/Versions/A/QuartzCore
0x0000000006aae000 	/System/Library/Frameworks/Carbon.framework/Versions/A/Frameworks/SpeechRecognition.framework/Versions/A/SpeechRecognition
0x0000000006aae000 	/usr/lib/libauto.dylib
0x0000000006aae000 	/usr/lib/libicucore.A.dylib
0x0000000006aae000 	/usr/lib/libxml2.2.dylib
0x0000000006aae000 	/System/Library/PrivateFrameworks/CoreUI.framework/Versions/A/CoreUI
0x0000000006aae000 	/System/Library/Frameworks/CoreAudio.framework/Versions/A/CoreAudio
0x0000000006aae000 	/System/Library/Frameworks/DiskArbitration.framework/Versions/A/DiskArbitration
0x0000000006aae000 	/usr/lib/liblangid.dylib
0x0000000006aae000 	/System/Library/PrivateFrameworks/MultitouchSupport.framework/Versions/A/MultitouchSupport
0x0000000006aae000 	/System/Library/Frameworks/IOKit.framework/Versions/A/IOKit
0x0000000006aae000 	/usr/lib/libDiagnosticMessagesClient.dylib
0x0000000006aae000 	/System/Library/Frameworks/CoreServices.framework/Versions/A/CoreServices
0x0000000006aae000 	/System/Library/PrivateFrameworks/PerformanceAnalysis.framework/Versions/A/PerformanceAnalysis
0x0000000006aae000 	/System/Library/PrivateFrameworks/GenerationalStorage.framework/Versions/A/GenerationalStorage
0x0000000006aae000 	/System/Library/Frameworks/OpenGL.framework/Versions/A/OpenGL
0x0000000006aae000 	/System/Library/Frameworks/CoreServices.framework/Versions/A/Frameworks/CFNetwork.framework/Versions/A/CFNetwork
0x0000000006aae000 	/System/Library/Frameworks/SystemConfiguration.framework/Versions/A/SystemConfiguration
0x0000000006aae000 	/usr/lib/libCRFSuite.dylib
0x0000000006aae000 	/usr/lib/libc++.1.dylib
0x0000000006aae000 	/usr/lib/libstdc++.6.dylib
0x0000000006aae000 	/usr/lib/libc++abi.dylib
0x0000000006aae000 	/usr/lib/system/libcache.dylib
0x0000000006aae000 	/usr/lib/system/libcommonCrypto.dylib
0x0000000006aae000 	/usr/lib/system/libcompiler_rt.dylib
0x0000000006aae000 	/usr/lib/system/libcopyfile.dylib
0x0000000006aae000 	/usr/lib/system/libdispatch.dylib
0x0000000006aae000 	/usr/lib/system/libdnsinfo.dylib
0x0000000006aae000 	/usr/lib/system/libdyld.dylib
0x0000000006aae000 	/usr/lib/system/libkeymgr.dylib
0x0000000006aae000 	/usr/lib/system/liblaunch.dylib
0x0000000006aae000 	/usr/lib/system/libmacho.dylib
0x0000000006aae000 	/usr/lib/system/libmathCommon.A.dylib
0x0000000006aae000 	/usr/lib/system/libquarantine.dylib
0x0000000006aae000 	/usr/lib/system/libremovefile.dylib
0x0000000006aae000 	/usr/lib/system/libsystem_blocks.dylib
0x0000000006aae000 	/usr/lib/system/libsystem_c.dylib
0x0000000006aae000 	/usr/lib/system/libsystem_dnssd.dylib
0x0000000006aae000 	/usr/lib/system/libsystem_info.dylib
0x0000000006aae000 	/usr/lib/system/libsystem_kernel.dylib
0x0000000006aae000 	/usr/lib/system/libsystem_network.dylib
0x0000000006aae000 	/usr/lib/system/libsystem_notify.dylib
0x0000000006aae000 	/usr/lib/system/libsystem_sandbox.dylib
0x0000000006aae000 	/usr/lib/system/libunc.dylib
0x0000000006aae000 	/usr/lib/system/libunwind.dylib
0x0000000006aae000 	/usr/lib/system/libxpc.dylib
0x0000000006aae000 	/usr/lib/libbsm.0.dylib
0x0000000006aae000 	/usr/lib/libsqlite3.dylib
0x0000000006aae000 	/usr/lib/libOpenScriptingUtil.dylib
0x0000000006aae000 	/usr/lib/libpam.2.dylib
0x0000000006aae000 	/usr/lib/libxar-nossl.dylib
0x0000000006aae000 	/usr/lib/libbz2.1.0.dylib
0x0000000006aae000 	/System/Library/Frameworks/CoreServices.framework/Versions/A/Frameworks/CarbonCore.framework/Versions/A/CarbonCore
0x0000000006aae000 	/System/Library/Frameworks/CoreServices.framework/Versions/A/Frameworks/Metadata.framework/Versions/A/Metadata
0x0000000006aae000 	/System/Library/Frameworks/CoreServices.framework/Versions/A/Frameworks/OSServices.framework/Versions/A/OSServices
0x0000000006aae000 	/System/Library/Frameworks/CoreServices.framework/Versions/A/Frameworks/SearchKit.framework/Versions/A/SearchKit
0x0000000006aae000 	/System/Library/Frameworks/CoreServices.framework/Versions/A/Frameworks/AE.framework/Versions/A/AE
0x0000000006aae000 	/System/Library/Frameworks/CoreServices.framework/Versions/A/Frameworks/LaunchServices.framework/Versions/A/LaunchServices
0x0000000006aae000 	/System/Library/Frameworks/CoreServices.framework/Versions/A/Frameworks/DictionaryServices.framework/Versions/A/DictionaryServices
0x0000000006aae000 	/System/Library/Frameworks/NetFS.framework/Versions/A/NetFS
0x0000000006aae000 	/usr/lib/system/libkxld.dylib
0x0000000006aae000 	/System/Library/PrivateFrameworks/NetAuth.framework/Versions/A/NetAuth
0x0000000006aae000 	/usr/lib/libcrypto.0.9.8.dylib
0x0000000006aae000 	/System/Library/PrivateFrameworks/TrustEvaluationAgent.framework/Versions/A/TrustEvaluationAgent
0x0000000006aae000 	/System/Library/Frameworks/OpenDirectory.framework/Versions/A/Frameworks/CFOpenDirectory.framework/Versions/A/CFOpenDirectory
0x0000000006aae000 	/usr/lib/libxslt.1.dylib
0x0000000006aae000 	/System/Library/PrivateFrameworks/FamilyControls.framework/Versions/A/FamilyControls
0x0000000006aae000 	/System/Library/Frameworks/Carbon.framework/Versions/A/Frameworks/Ink.framework/Versions/A/Ink
0x0000000006aae000 	/System/Library/Frameworks/ApplicationServices.framework/Versions/A/Frameworks/CoreGraphics.framework/Versions/A/CoreGraphics
0x0000000006aae000 	/System/Library/Frameworks/ApplicationServices.framework/Versions/A/Frameworks/ImageIO.framework/Versions/A/ImageIO
0x0000000006aae000 	/System/Library/Frameworks/ApplicationServices.framework/Versions/A/Frameworks/CoreText.framework/Versions/A/CoreText
0x0000000006aae000 	/System/Library/Frameworks/ApplicationServices.framework/Versions/A/Frameworks/ATS.framework/Versions/A/ATS
0x0000000006aae000 	/System/Library/Frameworks/ApplicationServices.framework/Versions/A/Frameworks/ColorSync.framework/Versions/A/ColorSync
0x0000000006aae000 	/System/Library/Frameworks/ApplicationServices.framework/Versions/A/Frameworks/HIServices.framework/Versions/A/HIServices
0x0000000006aae000 	/System/Library/Frameworks/ApplicationServices.framework/Versions/A/Frameworks/LangAnalysis.framework/Versions/A/LangAnalysis
0x0000000006aae000 	/System/Library/Frameworks/ApplicationServices.framework/Versions/A/Frameworks/PrintCore.framework/Versions/A/PrintCore
0x0000000006aae000 	/System/Library/Frameworks/ApplicationServices.framework/Versions/A/Frameworks/QD.framework/Versions/A/QD
0x0000000006aae000 	/System/Library/Frameworks/ApplicationServices.framework/Versions/A/Frameworks/SpeechSynthesis.framework/Versions/A/SpeechSynthesis
0x0000000006aae000 	/System/Library/Frameworks/IOSurface.framework/Versions/A/IOSurface
0x0000000006aae000 	/System/Library/Frameworks/Accelerate.framework/Versions/A/Accelerate
0x0000000006aae000 	/System/Library/Frameworks/ApplicationServices.framework/Versions/A/Frameworks/ImageIO.framework/Versions/A/Resources/libJPEG.dylib
0x0000000006aae000 	/System/Library/Frameworks/ApplicationServices.framework/Versions/A/Frameworks/ImageIO.framework/Versions/A/Resources/libTIFF.dylib
0x0000000006aae000 	/System/Library/Frameworks/ApplicationServices.framework/Versions/A/Frameworks/ImageIO.framework/Versions/A/Resources/libPng.dylib
0x0000000006aae000 	/System/Library/Frameworks/ApplicationServices.framework/Versions/A/Frameworks/ImageIO.framework/Versions/A/Resources/libGIF.dylib
0x0000000006aae000 	/System/Library/Frameworks/ApplicationServices.framework/Versions/A/Frameworks/ImageIO.framework/Versions/A/Resources/libJP2.dylib
0x0000000006aae000 	/System/Library/Frameworks/ApplicationServices.framework/Versions/A/Frameworks/ImageIO.framework/Versions/A/Resources/libRadiance.dylib
0x0000000006aae000 	/System/Library/Frameworks/Accelerate.framework/Versions/A/Frameworks/vImage.framework/Versions/A/vImage
0x0000000006aae000 	/System/Library/Frameworks/Accelerate.framework/Versions/A/Frameworks/vecLib.framework/Versions/A/vecLib
0x0000000006aae000 	/System/Library/Frameworks/Accelerate.framework/Versions/A/Frameworks/vecLib.framework/Versions/A/libvDSP.dylib
0x0000000006aae000 	/System/Library/Frameworks/Accelerate.framework/Versions/A/Frameworks/vecLib.framework/Versions/A/libvMisc.dylib
0x0000000006aae000 	/System/Library/Frameworks/Accelerate.framework/Versions/A/Frameworks/vecLib.framework/Versions/A/libLAPACK.dylib
0x0000000006aae000 	/System/Library/Frameworks/Accelerate.framework/Versions/A/Frameworks/vecLib.framework/Versions/A/libBLAS.dylib
0x0000000006aae000 	/System/Library/Frameworks/ApplicationServices.framework/Versions/A/Frameworks/ATS.framework/Versions/A/Resources/libFontParser.dylib
0x0000000006aae000 	/System/Library/Frameworks/ApplicationServices.framework/Versions/A/Frameworks/ATS.framework/Versions/A/Resources/libFontRegistry.dylib
0x0000000006aae000 	/usr/lib/libcups.2.dylib
0x0000000006aae000 	/System/Library/Frameworks/Kerberos.framework/Versions/A/Kerberos
0x0000000006aae000 	/System/Library/Frameworks/GSS.framework/Versions/A/GSS
0x0000000006aae000 	/usr/lib/libresolv.9.dylib
0x0000000006aae000 	/usr/lib/libiconv.2.dylib
0x0000000006aae000 	/System/Library/PrivateFrameworks/Heimdal.framework/Versions/A/Heimdal
0x0000000006aae000 	/System/Library/Frameworks/OpenDirectory.framework/Versions/A/OpenDirectory
0x0000000006aae000 	/System/Library/PrivateFrameworks/CommonAuth.framework/Versions/A/CommonAuth
0x0000000006aae000 	/System/Library/Frameworks/CoreVideo.framework/Versions/A/CoreVideo
0x0000000006aae000 	/System/Library/Frameworks/QuartzCore.framework/Versions/A/Frameworks/CoreImage.framework/Versions/A/CoreImage
0x0000000006aae000 	/System/Library/Frameworks/QuartzCore.framework/Versions/A/Frameworks/ScalableUserInterface.framework/Versions/A/ScalableUserInterface
0x0000000006aae000 	/System/Library/Frameworks/OpenGL.framework/Versions/A/Libraries/libGLU.dylib
0x0000000006aae000 	/System/Library/Frameworks/OpenGL.framework/Versions/A/Libraries/libGFXShared.dylib
0x0000000006aae000 	/System/Library/Frameworks/OpenGL.framework/Versions/A/Libraries/libGL.dylib
0x0000000006aae000 	/System/Library/Frameworks/OpenGL.framework/Versions/A/Libraries/libGLImage.dylib
0x0000000006aae000 	/System/Library/Frameworks/OpenGL.framework/Versions/A/Libraries/libCVMSPluginSupport.dylib
0x0000000006aae000 	/System/Library/Frameworks/OpenGL.framework/Versions/A/Libraries/libCoreVMClient.dylib
0x0000000006aae000 	/System/Library/Frameworks/OpenCL.framework/Versions/A/OpenCL
0x0000000006aae000 	/System/Library/PrivateFrameworks/FaceCoreLight.framework/Versions/A/FaceCoreLight
0x0000000006aae000 	/System/Library/Frameworks/vecLib.framework/Versions/A/vecLib
0x0000000006aae000 	/System/Library/Frameworks/SecurityFoundation.framework/Versions/A/SecurityFoundation
0x0000000006aae000 	/System/Library/PrivateFrameworks/CommerceKit.framework/Versions/A/Frameworks/CommerceCore.framework/Versions/A/CommerceCore
0x0000000006aae000 	/System/Library/PrivateFrameworks/CoreSymbolication.framework/Versions/A/CoreSymbolication
0x0000000006aae000 	/System/Library/PrivateFrameworks/Symbolication.framework/Versions/A/Symbolication
0x0000000006aae000 	/System/Library/PrivateFrameworks/DebugSymbols.framework/Versions/A/DebugSymbols
0x0000000106e00000 	/Library/Java/JavaVirtualMachines/jdk1.7.0_09.jdk/Contents/Home/jre/lib/server/libjvm.dylib
0x0000000106ce6000 	/Library/Java/JavaVirtualMachines/jdk1.7.0_09.jdk/Contents/Home/jre/lib/libverify.dylib
0x00000001079aa000 	/Library/Java/JavaVirtualMachines/jdk1.7.0_09.jdk/Contents/Home/jre/lib/libjava.dylib
0x00000001079da000 	/Library/Java/JavaVirtualMachines/jdk1.7.0_09.jdk/Contents/Home/jre/lib/libzip.dylib
0x000000010fe24000 	/System/Library/Frameworks/JavaVM.framework/Frameworks/JavaRuntimeSupport.framework/JavaRuntimeSupport
0x000000010fe3c000 	/System/Library/Frameworks/JavaVM.framework/Versions/A/Frameworks/JavaNativeFoundation.framework/Versions/A/JavaNativeFoundation
0x000000010fe51000 	/System/Library/Frameworks/JavaVM.framework/Versions/A/JavaVM
0x0000000006aae000 	/System/Library/Frameworks/Carbon.framework/Versions/A/Carbon
0x000000010fe5e000 	/System/Library/PrivateFrameworks/JavaLaunching.framework/Versions/A/JavaLaunching
0x0000000006aae000 	/System/Library/Frameworks/Carbon.framework/Versions/A/Frameworks/CommonPanels.framework/Versions/A/CommonPanels
0x0000000006aae000 	/System/Library/Frameworks/Carbon.framework/Versions/A/Frameworks/Help.framework/Versions/A/Help
0x0000000006aae000 	/System/Library/Frameworks/Carbon.framework/Versions/A/Frameworks/ImageCapture.framework/Versions/A/ImageCapture
0x0000000006aae000 	/System/Library/Frameworks/Carbon.framework/Versions/A/Frameworks/OpenScripting.framework/Versions/A/OpenScripting
0x0000000006aae000 	/System/Library/Frameworks/Carbon.framework/Versions/A/Frameworks/Print.framework/Versions/A/Print
0x0000000006aae000 	/System/Library/Frameworks/Carbon.framework/Versions/A/Frameworks/SecurityHI.framework/Versions/A/SecurityHI
0x000000011077f000 	/Library/Java/JavaVirtualMachines/jdk1.7.0_09.jdk/Contents/Home/jre/lib/libdeploy.dylib
0x00000001109c5000 	/Library/Java/JavaVirtualMachines/jdk1.7.0_09.jdk/Contents/Home/jre/lib/libprism-es2.dylib
0x0000000110a84000 	/System/Library/Frameworks/OpenGL.framework/Resources/GLEngine.bundle/GLEngine
0x0000000110c73000 	/System/Library/Frameworks/OpenGL.framework/Versions/A/Libraries/libGLProgrammability.dylib
0x0000000110dff000 	/System/Library/Extensions/AppleIntelHD3000GraphicsGLDriver.bundle/Contents/MacOS/AppleIntelHD3000GraphicsGLDriver
0x000000011130c000 	/System/Library/PrivateFrameworks/GPUSupport.framework/Versions/A/Libraries/libGPUSupport.dylib
0x0000000111321000 	/System/Library/Frameworks/OpenGL.framework/Resources//GLRendererFloat.bundle/GLRendererFloat
0x0000000111358000 	/System/Library/Frameworks/OpenCL.framework/Versions/A/Libraries/libcldcpuengine.dylib
0x0000000006aae000 	/System/Library/PrivateFrameworks/DiskImages.framework/Versions/A/DiskImages
0x0000000111368000 	/System/Library/Frameworks/OpenGL.framework/Versions/A/Libraries/libCoreFSCache.dylib
0x0000000006aae000 	/System/Library/Frameworks/DiscRecording.framework/Versions/A/DiscRecording
0x0000000006aae000 	/usr/lib/libcurl.4.dylib
0x0000000006aae000 	/System/Library/PrivateFrameworks/MediaKit.framework/Versions/A/MediaKit
0x0000000006aae000 	/usr/lib/libssl.0.9.8.dylib
0x0000000006aae000 	/System/Library/Frameworks/LDAP.framework/Versions/A/LDAP
0x0000000006aae000 	/usr/lib/libsasl2.2.dylib
0x0000000111652000 	/Library/Java/JavaVirtualMachines/jdk1.7.0_09.jdk/Contents/Home/jre/lib/libglass.dylib
0x0000000006aae000 	/System/Library/PrivateFrameworks/CoreServicesInternal.framework/Versions/A/CoreServicesInternal
0x0000000006aae000 	/System/Library/CoreServices/RawCamera.bundle/Contents/MacOS/RawCamera
0x0000000006aae000 	/System/Library/Frameworks/ApplicationServices.framework/Versions/A/Frameworks/CoreGraphics.framework/Versions/A/Resources/libCSync.A.dylib
0x0000000006aae000 	/System/Library/Frameworks/ApplicationServices.framework/Versions/A/Frameworks/CoreGraphics.framework/Versions/A/Resources/libRIP.A.dylib
0x0000000006aae000 	/System/Library/Frameworks/ApplicationServices.framework/Versions/A/Frameworks/CoreGraphics.framework/Versions/A/Resources/libCGXType.A.dylib

VM Arguments:
jvm_args: -Dfile.encoding=UTF-8 
java_command: com.javafx.main.Main
Launcher Type: SUN_STANDARD

Environment Variables:
PATH=/usr/bin:/bin:/usr/sbin:/sbin
LD_LIBRARY_PATH=/Library/Java/JavaVirtualMachines/jdk1.7.0_09.jdk/Contents/Home/jre/lib/amd64:/Library/Java/JavaVirtualMachines/jdk1.7.0_09.jdk/Contents/Home/jre/lib/i386:
SHELL=/bin/bash
DISPLAY=/tmp/launch-6BMxs9/org.x:0

Signal Handlers:
SIGSEGV: [libjvm.dylib+0x4a3a1d], sa_mask[0]=0xfffefeff, sa_flags=0x00000042
SIGBUS: [libjvm.dylib+0x4a3a1d], sa_mask[0]=0xfffefeff, sa_flags=0x00000042
SIGFPE: [libjvm.dylib+0x3b3431], sa_mask[0]=0xfffefeff, sa_flags=0x00000042
SIGPIPE: [libjvm.dylib+0x3b3431], sa_mask[0]=0xfffefeff, sa_flags=0x00000042
SIGXFSZ: [libjvm.dylib+0x3b3431], sa_mask[0]=0xfffefeff, sa_flags=0x00000042
SIGILL: [libjvm.dylib+0x3b3431], sa_mask[0]=0xfffefeff, sa_flags=0x00000042
SIGUSR1: SIG_DFL, sa_mask[0]=0x00000000, sa_flags=0x00000002
SIGUSR2: [libjvm.dylib+0x3b2fca], sa_mask[0]=0x00000004, sa_flags=0x00000042
SIGHUP: [libjvm.dylib+0x3b122b], sa_mask[0]=0xfffefeff, sa_flags=0x00000042
SIGINT: SIG_IGN, sa_mask[0]=0x00000000, sa_flags=0x00000000
SIGTERM: [libjvm.dylib+0x3b122b], sa_mask[0]=0xfffefeff, sa_flags=0x00000042
SIGQUIT: [libjvm.dylib+0x3b122b], sa_mask[0]=0xfffefeff, sa_flags=0x00000042


---------------  S Y S T E M  ---------------

OS:Bsduname:Darwin 11.4.2 Darwin Kernel Version 11.4.2: Thu Aug 23 16:25:48 PDT 2012; root:xnu-1699.32.7~1/RELEASE_X86_64 x86_64
rlimit: STACK 8192k, CORE 0k, NPROC 709, NOFILE 10240, AS infinity
load average:1.22 1.05 1.01

CPU:total 4 (2 cores per cpu, 2 threads per core) family 6 model 42 stepping 7, cmov, cx8, fxsr, mmx, sse, sse2, sse3, ssse3, sse4.1, sse4.2, popcnt, avx, ht, tsc, tscinvbit

Memory: 4k page, physical 5298832k(1324708k free)

/proc/meminfo:


vm_info: Java HotSpot(TM) 64-Bit Server VM (23.5-b02) for bsd-amd64 JRE (1.7.0_09-b05), built on Sep 24 2012 21:39:08 by "java_re" with gcc 4.2.1 (Based on Apple Inc. build 5658) (LLVM build 2336.9.00)

time: Sun Nov 11 01:30:05 2012
elapsed time: 1 seconds

