#
# A fatal error has been detected by the Java Runtime Environment:
#
#  SIGSEGV (0xb) at pc=0x000000010bb28269, pid=2465, tid=1799
#
# JRE version: 7.0_09-b05
# Java VM: Java HotSpot(TM) 64-Bit Server VM (23.5-b02 mixed mode bsd-amd64 compressed oops)
# Problematic frame:
# V  [libjvm.dylib+0x2a5269]
#
# Failed to write core dump. Core dumps have been disabled. To enable core dumping, try "ulimit -c unlimited" before starting Java again
#
# If you would like to submit a bug report, please visit:
#   http://bugreport.sun.com/bugreport/crash.jsp
#

---------------  T H R E A D  ---------------

Current thread (0x00007f90ca918000):  JavaThread "JavaFX Application Thread" [_thread_in_vm, id=1799, stack(0x00007fff6aa7d000,0x00007fff6b27d000)]

siginfo:si_signo=SIGSEGV: si_errno=0, si_code=1 (SEGV_MAPERR), si_addr=0x0000000000000000

Registers:
RAX=0x00007fff6b270810, RBX=0x00007fff6b270798, RCX=0x0000000000000000, RDX=0x00007fff6b270798
RSP=0x00007fff6b270670, RBP=0x00007fff6b270680, RSI=0x0000000000000000, RDI=0x00007fff6b270748
R8 =0x0000000000000000, R9 =0x0000000000000001, R10=0x00007f90ca6d1190, R11=0x000000010b708328
R12=0x00007f90ca918000, R13=0x00007f90ca6c1990, R14=0x00007fff6b270748, R15=0x00007f90ca9181d8
RIP=0x000000010bb28269, EFLAGS=0x0000000000010246, ERR=0x0000000000000004
  TRAPNO=0x000000000000000e

Top of Stack: (sp=0x00007fff6b270670)
0x00007fff6b270670:   0000000000000000 00007fff6b270748
0x00007fff6b270680:   00007fff6b270800 000000010bb20271
0x00007fff6b270690:   00007fff780b93d0 0000000042000000
0x00007fff6b2706a0:   00007fff92af93fc 0000000000000000
0x00007fff6b2706b0:   0000000000000000 0000000000000001
0x00007fff6b2706c0:   ffffffffffffffff 00007fff6b270660
0x00007fff6b2706d0:   0000000000000000 00007f90ca6cd4f0
0x00007fff6b2706e0:   00007fff92fd432f 00007f90ca6d1330
0x00007fff6b2706f0:   00007fff6b270750 00007fff92af2754
0x00007fff6b270700:   00007fff6b270760 00007fff8be9acff
0x00007fff6b270710:   00007f90ca600000 ffffffffffffffff
0x00007fff6b270720:   0000000000000000 ffffffffffffffff
0x00007fff6b270730:   00007f90ca6cd4f0 00007f90ca6c1990
0x00007fff6b270740:   00007f90ca6d1160 00007fff9305e9dc
0x00007fff6b270750:   00007fff6b270800 00007fff92af258a
0x00007fff6b270760:   0000000042000000 0000000000000002
0x00007fff6b270770:   0000000000000001 0000000000000000
0x00007fff6b270780:   00007fff6b270c60 00007f900000000e
0x00007fff6b270790:   00007fff6b270800 0000003000000018
0x00007fff6b2707a0:   00007fff6b270810 00007fff6b270690
0x00007fff6b2707b0:   00007f90ca918000 0000000000000000
0x00007fff6b2707c0:   0000000000000000 0000000000000000
0x00007fff6b2707d0:   00007f90ca918000 00007f90ca918000
0x00007fff6b2707e0:   000000010bb2017b 0000000000000001
0x00007fff6b2707f0:   0000000000000001 00007f90ca9181d8
0x00007fff6b270800:   00007fff6b270ce0 00000001160fa840
0x00007fff6b270810:   00007fff6b270830 00007fff88b3b704
0x00007fff6b270820:   00007f90ca801a10 0000000000000000
0x00007fff6b270830:   00007fff00000002 000000010b696a00
0x00007fff6b270840:   00007fff6b270ae0 00007f90ca6d1160
0x00007fff6b270850:   000000010b693000 00007fff6b270c60
0x00007fff6b270860:   0000000100401180 0000000100000000 

Instructions: (pc=0x000000010bb28269)
0x000000010bb28249:   3e 00 48 83 c0 10 49 89 06 49 89 5e 28 5b 41 5e
0x000000010bb28259:   5d c3 90 55 48 89 e5 41 56 53 48 89 d3 49 89 fe
0x000000010bb28269:   48 8b 06 48 8b 48 10 48 8b 78 18 0f b7 71 42 e8
0x000000010bb28279:   b5 2a 21 00 48 89 c6 48 83 e6 fe 4c 89 f7 e8 64 

Register to memory mapping:

RAX=0x00007fff6b270810 is pointing into the stack for thread: 0x00007f90ca918000
RBX=0x00007fff6b270798 is pointing into the stack for thread: 0x00007f90ca918000
RCX=0x0000000000000000 is an unknown value
RDX=0x00007fff6b270798 is pointing into the stack for thread: 0x00007f90ca918000
RSP=0x00007fff6b270670 is pointing into the stack for thread: 0x00007f90ca918000
RBP=0x00007fff6b270680 is pointing into the stack for thread: 0x00007f90ca918000
RSI=0x0000000000000000 is an unknown value
RDI=0x00007fff6b270748 is pointing into the stack for thread: 0x00007f90ca918000
R8 =0x0000000000000000 is an unknown value
R9 =0x0000000000000001 is an unknown value
R10=0x00007f90ca6d1190 is an unknown value
R11=0x000000010b708328 is an unknown value
R12=0x00007f90ca918000 is a thread
R13=0x00007f90ca6c1990 is an unknown value
R14=0x00007fff6b270748 is pointing into the stack for thread: 0x00007f90ca918000
R15=0x00007f90ca9181d8 is an unknown value


Stack: [0x00007fff6aa7d000,0x00007fff6b27d000],  sp=0x00007fff6b270670,  free space=8141k
Native frames: (J=compiled Java code, j=interpreted, Vv=VM code, C=native code)
V  [libjvm.dylib+0x2a5269]
V  [libjvm.dylib+0x29d271]
C  [libglass.dylib+0x16840]  -[GlassTouches(hidden) sendJavaTouchEvent:]+0x450
C  [libglass.dylib+0x1602f]  listenTouchEvents+0x3f
C  [CoreGraphics+0x315621]  processEventTapData+0x2de
C  [CoreGraphics+0x3143a7]  _CGXPostEventTapData+0xb8
C  [CoreGraphics+0x5a3676]  _XPostEventTapData+0x100
C  [CoreGraphics+0x5a3545]  CGXEventTap_server+0x92
C  [CoreGraphics+0x314fbc]  eventTapMessageHandler+0x1e
C  [CoreFoundation+0x2c52]  __CFMachPortPerform+0x182
C  [CoreFoundation+0x2abc]  __CFRUNLOOP_IS_CALLING_OUT_TO_A_SOURCE1_PERFORM_FUNCTION__+0x2c
C  [CoreFoundation+0x27eb]  __CFRunLoopDoSource1+0x9b
C  [CoreFoundation+0x38f27]  __CFRunLoopRun+0x767
C  [CoreFoundation+0x38486]  CFRunLoopRunSpecific+0xe6
C  [HIToolbox+0x22bf]  RunCurrentEventLoopInMode+0x115
C  [HIToolbox+0x956d]  ReceiveNextEventCommon+0x163
C  [HIToolbox+0x93fa]  BlockUntilNextEventMatchingListInMode+0x3e
C  [AppKit+0x8779]  _DPSNextEvent+0x293
C  [AppKit+0x807d]  -[NSApplication nextEventMatchingMask:untilDate:inMode:dequeue:]+0x87
C  [AppKit+0x49b9]  -[NSApplication run]+0x1d6
C  [libglass.dylib+0x34c9]  -[GlassApplication runLoop:]+0x309
C  [CoreFoundation+0x9370d]  -[NSObject performSelector:withObject:]+0x3d
C  [Foundation+0x4fd70]  __NSThreadPerformPerform+0xd6
C  [CoreFoundation+0x124f1]  __CFRUNLOOP_IS_CALLING_OUT_TO_A_SOURCE0_PERFORM_FUNCTION__+0x11
C  [CoreFoundation+0x11d5d]  __CFRunLoopDoSources0+0xfd
C  [CoreFoundation+0x38b49]  __CFRunLoopRun+0x389
C  [CoreFoundation+0x38486]  CFRunLoopRunSpecific+0xe6
C  [java+0x74bc]  CreateExecutionEnvironment+0x367
C  [java+0x1cac]  JLI_Launch+0x7a0
C  [java+0x7819]  main+0x65
C  [java+0x1504]  start+0x34


---------------  P R O C E S S  ---------------

Java Threads: ( => current thread )
  0x00007f90ca940800 JavaThread "Thread-5" daemon [_thread_in_native, id=31747, stack(0x00000001179c7000,0x0000000117a47000)]
=>0x00007f90ca918000 JavaThread "JavaFX Application Thread" [_thread_in_vm, id=1799, stack(0x00007fff6aa7d000,0x00007fff6b27d000)]
  0x00007f90cb8b1000 JavaThread "Thread-3" daemon [_thread_blocked, id=25603, stack(0x0000000116144000,0x0000000116244000)]
  0x00007f90cb8bf000 JavaThread "Disposer" daemon [_thread_blocked, id=25091, stack(0x0000000115fe2000,0x00000001160e2000)]
  0x00007f90cb89c000 JavaThread "QuantumRenderer-0" daemon [_thread_blocked, id=19971, stack(0x0000000115354000,0x0000000115454000)]
  0x00007f90cb8b4800 JavaThread "JavaFX-Launcher" [_thread_blocked, id=19715, stack(0x0000000115235000,0x0000000115335000)]
  0x00007f90cb899000 JavaThread "traceMsgQueueThread" daemon [_thread_blocked, id=19459, stack(0x000000011510e000,0x000000011520e000)]
  0x00007f90ca837000 JavaThread "Service Thread" daemon [_thread_blocked, id=18947, stack(0x0000000114dc5000,0x0000000114ec5000)]
  0x00007f90ca836800 JavaThread "C2 CompilerThread1" daemon [_thread_blocked, id=18691, stack(0x0000000114cc2000,0x0000000114dc2000)]
  0x00007f90ca83b000 JavaThread "C2 CompilerThread0" daemon [_thread_blocked, id=18435, stack(0x0000000114bbf000,0x0000000114cbf000)]
  0x00007f90cb031800 JavaThread "Signal Dispatcher" daemon [_thread_blocked, id=18179, stack(0x0000000114abc000,0x0000000114bbc000)]
  0x00007f90cc800000 JavaThread "Finalizer" daemon [_thread_blocked, id=14083, stack(0x00000001147b2000,0x00000001148b2000)]
  0x00007f90cb02b000 JavaThread "Reference Handler" daemon [_thread_blocked, id=13827, stack(0x00000001146af000,0x00000001147af000)]
  0x00007f90cb800800 JavaThread "main" [_thread_blocked, id=7171, stack(0x000000010c32b000,0x000000010c42b000)]

Other Threads:
  0x00007f90cb028800 VMThread [stack: 0x00000001145ac000,0x00000001146ac000] [id=13571]
  0x00007f90ca839000 WatcherThread [stack: 0x0000000114ec8000,0x0000000114fc8000] [id=19203]

VM state:not at safepoint (normal execution)

VM Mutex/Monitor currently owned by a thread: None

Heap
 PSYoungGen      total 24192K, used 12688K [0x00000007e50b0000, 0x00000007e6ba0000, 0x0000000800000000)
  eden space 20800K, 61% used [0x00000007e50b0000,0x00000007e5d143e8,0x00000007e6500000)
  from space 3392K, 0% used [0x00000007e6850000,0x00000007e6850000,0x00000007e6ba0000)
  to   space 3392K, 0% used [0x00000007e6500000,0x00000007e6500000,0x00000007e6850000)
 ParOldGen       total 55168K, used 0K [0x00000007af200000, 0x00000007b27e0000, 0x00000007e50b0000)
  object space 55168K, 0% used [0x00000007af200000,0x00000007af200000,0x00000007b27e0000)
 PSPermGen       total 21248K, used 7981K [0x00000007aa000000, 0x00000007ab4c0000, 0x00000007af200000)
  object space 21248K, 37% used [0x00000007aa000000,0x00000007aa7cb540,0x00000007ab4c0000)

Card table byte_map: [0x000000010f533000,0x000000010f7e4000] byte_map_base: 0x000000010b7e3000

Polling page: 0x000000010b6f4000

Code Cache  [0x000000010c473000, 0x000000010c6e3000, 0x000000010f473000)
 total_blobs=360 nmethods=29 adapters=283 free_code_cache=48623Kb largest_free_block=49774528

Compilation events (10 events):
Event: 2.069 Thread 0x00007f90ca83b000 nmethod 25 0x000000010c4ee0d0 code [0x000000010c4ee260, 0x000000010c4eeb58]
Event: 2.069 Thread 0x00007f90ca83b000   26             com.sun.javafx.css.ParsedValue::getContainsLookupsFlag (225 bytes)
Event: 2.079 Thread 0x00007f90ca83b000 nmethod 26 0x000000010c4eafd0 code [0x000000010c4eb120, 0x000000010c4eb618]
Event: 2.079 Thread 0x00007f90ca83b000   27             java.util.HashMap::get (29 bytes)
Event: 2.080 Thread 0x00007f90ca83b000 nmethod 27 0x000000010c4e9210 code [0x000000010c4e9360, 0x000000010c4e9408]
Event: 2.080 Thread 0x00007f90ca83b000   28             com.sun.javafx.css.ParsedValue::getNeedsFontFlag (188 bytes)
Event: 2.090 Thread 0x00007f90ca83b000 nmethod 28 0x000000010c4ea990 code [0x000000010c4eaae0, 0x000000010c4eae38]
Event: 2.124 Thread 0x00007f90ca836800 nmethod 22 0x000000010c4f2ad0 code [0x000000010c4f30a0, 0x000000010c4f5360]
Event: 2.198 Thread 0x00007f90ca83b000   29             java.lang.String::startsWith (72 bytes)
Event: 2.200 Thread 0x00007f90ca83b000 nmethod 29 0x000000010c4f0210 code [0x000000010c4f0360, 0x000000010c4f0498]

GC Heap History (0 events):
No events

Deoptimization events (2 events):
Event: 2.064 Thread 0x00007f90ca918000 Uncommon trap -12 fr.pc 0x000000010c4ef334
Event: 2.064 Thread 0x00007f90ca918000 Uncommon trap -12 fr.pc 0x000000010c4ef724

Internal exceptions (10 events):
Event: 0.214 Thread 0x00007f90cb800800 Threw 0x00000007e5173100 at /HUDSON/workspace/jdk7u9-2-build-macosx-amd64-product/jdk7u9/hotspot/src/share/vm/prims/jvm.cpp:1166
Event: 0.220 Thread 0x00007f90cb800800 Threw 0x00000007e518bcc0 at /HUDSON/workspace/jdk7u9-2-build-macosx-amd64-product/jdk7u9/hotspot/src/share/vm/prims/jvm.cpp:1166
Event: 0.220 Thread 0x00007f90cb800800 Threw 0x00000007e518bde8 at /HUDSON/workspace/jdk7u9-2-build-macosx-amd64-product/jdk7u9/hotspot/src/share/vm/prims/jvm.cpp:1166
Event: 0.221 Thread 0x00007f90cb800800 Threw 0x00000007e5196c68 at /HUDSON/workspace/jdk7u9-2-build-macosx-amd64-product/jdk7u9/hotspot/src/share/vm/prims/jvm.cpp:1166
Event: 0.221 Thread 0x00007f90cb800800 Threw 0x00000007e5196d90 at /HUDSON/workspace/jdk7u9-2-build-macosx-amd64-product/jdk7u9/hotspot/src/share/vm/prims/jvm.cpp:1166
Event: 0.455 Thread 0x00007f90cb8b4800 Threw 0x00000007e52c4f60 at /HUDSON/workspace/jdk7u9-2-build-macosx-amd64-product/jdk7u9/hotspot/src/share/vm/interpreter/linkResol
Event: 1.712 Thread 0x00007f90ca918000 Threw 0x00000007e58b1ea0 at /HUDSON/workspace/jdk7u9-2-build-macosx-amd64-product/jdk7u9/hotspot/src/share/vm/interpreter/linkResol
Event: 1.712 Thread 0x00007f90ca918000 Threw 0x00000007e58b1ea0 at /HUDSON/workspace/jdk7u9-2-build-macosx-amd64-product/jdk7u9/hotspot/src/share/vm/prims/jvm.cpp:1170
Event: 2.064 Thread 0x00007f90ca918000 Implicit null exception at 0x000000010c4ef0ec to 0x000000010c4ef329
Event: 2.064 Thread 0x00007f90ca918000 Implicit null exception at 0x000000010c4ef5ac to 0x000000010c4ef719

Events (10 events):
Event: 2.202 loading class 0x00007f90cc02a340
Event: 2.202 loading class 0x00007f90cc02a340 done
Event: 2.203 loading class 0x00007f90ca55dfc0
Event: 2.203 loading class 0x00007f90ca55dfc0 done
Event: 2.208 loading class 0x00007f90ca6b8b50
Event: 2.208 loading class 0x00007f90ca6b8b50 done
Event: 2.223 loading class 0x000000010b71dd30
Event: 2.223 loading class 0x000000010b71dd90
Event: 2.223 loading class 0x000000010b71dd90 done
Event: 2.223 loading class 0x000000010b71dd30 done


Dynamic libraries:
0x0000000006aae000 	/System/Library/Frameworks/Cocoa.framework/Versions/A/Cocoa
0x0000000006aae000 	/System/Library/Frameworks/Security.framework/Versions/A/Security
0x0000000006aae000 	/System/Library/Frameworks/ApplicationServices.framework/Versions/A/ApplicationServices
0x0000000006aae000 	/usr/lib/libz.1.dylib
0x0000000006aae000 	/usr/lib/libSystem.B.dylib
0x0000000006aae000 	/usr/lib/libobjc.A.dylib
0x0000000006aae000 	/System/Library/Frameworks/CoreFoundation.framework/Versions/A/CoreFoundation
0x0000000006aae000 	/System/Library/Frameworks/AppKit.framework/Versions/C/AppKit
0x0000000006aae000 	/System/Library/Frameworks/CoreData.framework/Versions/A/CoreData
0x0000000006aae000 	/System/Library/Frameworks/Foundation.framework/Versions/C/Foundation
0x0000000006aae000 	/System/Library/PrivateFrameworks/RemoteViewServices.framework/Versions/A/RemoteViewServices
0x0000000006aae000 	/System/Library/Frameworks/AudioToolbox.framework/Versions/A/AudioToolbox
0x0000000006aae000 	/System/Library/Frameworks/AudioUnit.framework/Versions/A/AudioUnit
0x0000000006aae000 	/System/Library/PrivateFrameworks/DataDetectorsCore.framework/Versions/A/DataDetectorsCore
0x0000000006aae000 	/System/Library/PrivateFrameworks/DesktopServicesPriv.framework/Versions/A/DesktopServicesPriv
0x0000000006aae000 	/System/Library/Frameworks/Carbon.framework/Versions/A/Frameworks/HIToolbox.framework/Versions/A/HIToolbox
0x0000000006aae000 	/System/Library/Frameworks/QuartzCore.framework/Versions/A/QuartzCore
0x0000000006aae000 	/System/Library/Frameworks/Carbon.framework/Versions/A/Frameworks/SpeechRecognition.framework/Versions/A/SpeechRecognition
0x0000000006aae000 	/usr/lib/libauto.dylib
0x0000000006aae000 	/usr/lib/libicucore.A.dylib
0x0000000006aae000 	/usr/lib/libxml2.2.dylib
0x0000000006aae000 	/System/Library/PrivateFrameworks/CoreUI.framework/Versions/A/CoreUI
0x0000000006aae000 	/System/Library/Frameworks/CoreAudio.framework/Versions/A/CoreAudio
0x0000000006aae000 	/System/Library/Frameworks/DiskArbitration.framework/Versions/A/DiskArbitration
0x0000000006aae000 	/usr/lib/liblangid.dylib
0x0000000006aae000 	/System/Library/PrivateFrameworks/MultitouchSupport.framework/Versions/A/MultitouchSupport
0x0000000006aae000 	/System/Library/Frameworks/IOKit.framework/Versions/A/IOKit
0x0000000006aae000 	/usr/lib/libDiagnosticMessagesClient.dylib
0x0000000006aae000 	/System/Library/Frameworks/CoreServices.framework/Versions/A/CoreServices
0x0000000006aae000 	/System/Library/PrivateFrameworks/PerformanceAnalysis.framework/Versions/A/PerformanceAnalysis
0x0000000006aae000 	/System/Library/PrivateFrameworks/GenerationalStorage.framework/Versions/A/GenerationalStorage
0x0000000006aae000 	/System/Library/Frameworks/OpenGL.framework/Versions/A/OpenGL
0x0000000006aae000 	/System/Library/Frameworks/CoreServices.framework/Versions/A/Frameworks/CFNetwork.framework/Versions/A/CFNetwork
0x0000000006aae000 	/System/Library/Frameworks/SystemConfiguration.framework/Versions/A/SystemConfiguration
0x0000000006aae000 	/usr/lib/libCRFSuite.dylib
0x0000000006aae000 	/usr/lib/libc++.1.dylib
0x0000000006aae000 	/usr/lib/libstdc++.6.dylib
0x0000000006aae000 	/usr/lib/libc++abi.dylib
0x0000000006aae000 	/usr/lib/system/libcache.dylib
0x0000000006aae000 	/usr/lib/system/libcommonCrypto.dylib
0x0000000006aae000 	/usr/lib/system/libcompiler_rt.dylib
0x0000000006aae000 	/usr/lib/system/libcopyfile.dylib
0x0000000006aae000 	/usr/lib/system/libdispatch.dylib
0x0000000006aae000 	/usr/lib/system/libdnsinfo.dylib
0x0000000006aae000 	/usr/lib/system/libdyld.dylib
0x0000000006aae000 	/usr/lib/system/libkeymgr.dylib
0x0000000006aae000 	/usr/lib/system/liblaunch.dylib
0x0000000006aae000 	/usr/lib/system/libmacho.dylib
0x0000000006aae000 	/usr/lib/system/libmathCommon.A.dylib
0x0000000006aae000 	/usr/lib/system/libquarantine.dylib
0x0000000006aae000 	/usr/lib/system/libremovefile.dylib
0x0000000006aae000 	/usr/lib/system/libsystem_blocks.dylib
0x0000000006aae000 	/usr/lib/system/libsystem_c.dylib
0x0000000006aae000 	/usr/lib/system/libsystem_dnssd.dylib
0x0000000006aae000 	/usr/lib/system/libsystem_info.dylib
0x0000000006aae000 	/usr/lib/system/libsystem_kernel.dylib
0x0000000006aae000 	/usr/lib/system/libsystem_network.dylib
0x0000000006aae000 	/usr/lib/system/libsystem_notify.dylib
0x0000000006aae000 	/usr/lib/system/libsystem_sandbox.dylib
0x0000000006aae000 	/usr/lib/system/libunc.dylib
0x0000000006aae000 	/usr/lib/system/libunwind.dylib
0x0000000006aae000 	/usr/lib/system/libxpc.dylib
0x0000000006aae000 	/usr/lib/libbsm.0.dylib
0x0000000006aae000 	/usr/lib/libsqlite3.dylib
0x0000000006aae000 	/usr/lib/libOpenScriptingUtil.dylib
0x0000000006aae000 	/usr/lib/libpam.2.dylib
0x0000000006aae000 	/usr/lib/libxar-nossl.dylib
0x0000000006aae000 	/usr/lib/libbz2.1.0.dylib
0x0000000006aae000 	/System/Library/Frameworks/CoreServices.framework/Versions/A/Frameworks/CarbonCore.framework/Versions/A/CarbonCore
0x0000000006aae000 	/System/Library/Frameworks/CoreServices.framework/Versions/A/Frameworks/Metadata.framework/Versions/A/Metadata
0x0000000006aae000 	/System/Library/Frameworks/CoreServices.framework/Versions/A/Frameworks/OSServices.framework/Versions/A/OSServices
0x0000000006aae000 	/System/Library/Frameworks/CoreServices.framework/Versions/A/Frameworks/SearchKit.framework/Versions/A/SearchKit
0x0000000006aae000 	/System/Library/Frameworks/CoreServices.framework/Versions/A/Frameworks/AE.framework/Versions/A/AE
0x0000000006aae000 	/System/Library/Frameworks/CoreServices.framework/Versions/A/Frameworks/LaunchServices.framework/Versions/A/LaunchServices
0x0000000006aae000 	/System/Library/Frameworks/CoreServices.framework/Versions/A/Frameworks/DictionaryServices.framework/Versions/A/DictionaryServices
0x0000000006aae000 	/System/Library/Frameworks/NetFS.framework/Versions/A/NetFS
0x0000000006aae000 	/usr/lib/system/libkxld.dylib
0x0000000006aae000 	/System/Library/PrivateFrameworks/NetAuth.framework/Versions/A/NetAuth
0x0000000006aae000 	/usr/lib/libcrypto.0.9.8.dylib
0x0000000006aae000 	/System/Library/PrivateFrameworks/TrustEvaluationAgent.framework/Versions/A/TrustEvaluationAgent
0x0000000006aae000 	/System/Library/Frameworks/OpenDirectory.framework/Versions/A/Frameworks/CFOpenDirectory.framework/Versions/A/CFOpenDirectory
0x0000000006aae000 	/usr/lib/libxslt.1.dylib
0x0000000006aae000 	/System/Library/PrivateFrameworks/FamilyControls.framework/Versions/A/FamilyControls
0x0000000006aae000 	/System/Library/Frameworks/Carbon.framework/Versions/A/Frameworks/Ink.framework/Versions/A/Ink
0x0000000006aae000 	/System/Library/Frameworks/ApplicationServices.framework/Versions/A/Frameworks/CoreGraphics.framework/Versions/A/CoreGraphics
0x0000000006aae000 	/System/Library/Frameworks/ApplicationServices.framework/Versions/A/Frameworks/ImageIO.framework/Versions/A/ImageIO
0x0000000006aae000 	/System/Library/Frameworks/ApplicationServices.framework/Versions/A/Frameworks/CoreText.framework/Versions/A/CoreText
0x0000000006aae000 	/System/Library/Frameworks/ApplicationServices.framework/Versions/A/Frameworks/ATS.framework/Versions/A/ATS
0x0000000006aae000 	/System/Library/Frameworks/ApplicationServices.framework/Versions/A/Frameworks/ColorSync.framework/Versions/A/ColorSync
0x0000000006aae000 	/System/Library/Frameworks/ApplicationServices.framework/Versions/A/Frameworks/HIServices.framework/Versions/A/HIServices
0x0000000006aae000 	/System/Library/Frameworks/ApplicationServices.framework/Versions/A/Frameworks/LangAnalysis.framework/Versions/A/LangAnalysis
0x0000000006aae000 	/System/Library/Frameworks/ApplicationServices.framework/Versions/A/Frameworks/PrintCore.framework/Versions/A/PrintCore
0x0000000006aae000 	/System/Library/Frameworks/ApplicationServices.framework/Versions/A/Frameworks/QD.framework/Versions/A/QD
0x0000000006aae000 	/System/Library/Frameworks/ApplicationServices.framework/Versions/A/Frameworks/SpeechSynthesis.framework/Versions/A/SpeechSynthesis
0x0000000006aae000 	/System/Library/Frameworks/IOSurface.framework/Versions/A/IOSurface
0x0000000006aae000 	/System/Library/Frameworks/Accelerate.framework/Versions/A/Accelerate
0x0000000006aae000 	/System/Library/Frameworks/ApplicationServices.framework/Versions/A/Frameworks/ImageIO.framework/Versions/A/Resources/libJPEG.dylib
0x0000000006aae000 	/System/Library/Frameworks/ApplicationServices.framework/Versions/A/Frameworks/ImageIO.framework/Versions/A/Resources/libTIFF.dylib
0x0000000006aae000 	/System/Library/Frameworks/ApplicationServices.framework/Versions/A/Frameworks/ImageIO.framework/Versions/A/Resources/libPng.dylib
0x0000000006aae000 	/System/Library/Frameworks/ApplicationServices.framework/Versions/A/Frameworks/ImageIO.framework/Versions/A/Resources/libGIF.dylib
0x0000000006aae000 	/System/Library/Frameworks/ApplicationServices.framework/Versions/A/Frameworks/ImageIO.framework/Versions/A/Resources/libJP2.dylib
0x0000000006aae000 	/System/Library/Frameworks/ApplicationServices.framework/Versions/A/Frameworks/ImageIO.framework/Versions/A/Resources/libRadiance.dylib
0x0000000006aae000 	/System/Library/Frameworks/Accelerate.framework/Versions/A/Frameworks/vImage.framework/Versions/A/vImage
0x0000000006aae000 	/System/Library/Frameworks/Accelerate.framework/Versions/A/Frameworks/vecLib.framework/Versions/A/vecLib
0x0000000006aae000 	/System/Library/Frameworks/Accelerate.framework/Versions/A/Frameworks/vecLib.framework/Versions/A/libvDSP.dylib
0x0000000006aae000 	/System/Library/Frameworks/Accelerate.framework/Versions/A/Frameworks/vecLib.framework/Versions/A/libvMisc.dylib
0x0000000006aae000 	/System/Library/Frameworks/Accelerate.framework/Versions/A/Frameworks/vecLib.framework/Versions/A/libLAPACK.dylib
0x0000000006aae000 	/System/Library/Frameworks/Accelerate.framework/Versions/A/Frameworks/vecLib.framework/Versions/A/libBLAS.dylib
0x0000000006aae000 	/System/Library/Frameworks/ApplicationServices.framework/Versions/A/Frameworks/ATS.framework/Versions/A/Resources/libFontParser.dylib
0x0000000006aae000 	/System/Library/Frameworks/ApplicationServices.framework/Versions/A/Frameworks/ATS.framework/Versions/A/Resources/libFontRegistry.dylib
0x0000000006aae000 	/usr/lib/libcups.2.dylib
0x0000000006aae000 	/System/Library/Frameworks/Kerberos.framework/Versions/A/Kerberos
0x0000000006aae000 	/System/Library/Frameworks/GSS.framework/Versions/A/GSS
0x0000000006aae000 	/usr/lib/libresolv.9.dylib
0x0000000006aae000 	/usr/lib/libiconv.2.dylib
0x0000000006aae000 	/System/Library/PrivateFrameworks/Heimdal.framework/Versions/A/Heimdal
0x0000000006aae000 	/System/Library/Frameworks/OpenDirectory.framework/Versions/A/OpenDirectory
0x0000000006aae000 	/System/Library/PrivateFrameworks/CommonAuth.framework/Versions/A/CommonAuth
0x0000000006aae000 	/System/Library/Frameworks/CoreVideo.framework/Versions/A/CoreVideo
0x0000000006aae000 	/System/Library/Frameworks/QuartzCore.framework/Versions/A/Frameworks/CoreImage.framework/Versions/A/CoreImage
0x0000000006aae000 	/System/Library/Frameworks/QuartzCore.framework/Versions/A/Frameworks/ScalableUserInterface.framework/Versions/A/ScalableUserInterface
0x0000000006aae000 	/System/Library/Frameworks/OpenGL.framework/Versions/A/Libraries/libGLU.dylib
0x0000000006aae000 	/System/Library/Frameworks/OpenGL.framework/Versions/A/Libraries/libGFXShared.dylib
0x0000000006aae000 	/System/Library/Frameworks/OpenGL.framework/Versions/A/Libraries/libGL.dylib
0x0000000006aae000 	/System/Library/Frameworks/OpenGL.framework/Versions/A/Libraries/libGLImage.dylib
0x0000000006aae000 	/System/Library/Frameworks/OpenGL.framework/Versions/A/Libraries/libCVMSPluginSupport.dylib
0x0000000006aae000 	/System/Library/Frameworks/OpenGL.framework/Versions/A/Libraries/libCoreVMClient.dylib
0x0000000006aae000 	/System/Library/Frameworks/OpenCL.framework/Versions/A/OpenCL
0x0000000006aae000 	/System/Library/PrivateFrameworks/FaceCoreLight.framework/Versions/A/FaceCoreLight
0x0000000006aae000 	/System/Library/Frameworks/vecLib.framework/Versions/A/vecLib
0x0000000006aae000 	/System/Library/Frameworks/SecurityFoundation.framework/Versions/A/SecurityFoundation
0x0000000006aae000 	/System/Library/PrivateFrameworks/CommerceKit.framework/Versions/A/Frameworks/CommerceCore.framework/Versions/A/CommerceCore
0x0000000006aae000 	/System/Library/PrivateFrameworks/CoreSymbolication.framework/Versions/A/CoreSymbolication
0x0000000006aae000 	/System/Library/PrivateFrameworks/Symbolication.framework/Versions/A/Symbolication
0x0000000006aae000 	/System/Library/PrivateFrameworks/DebugSymbols.framework/Versions/A/DebugSymbols
0x000000010b883000 	/Library/Java/JavaVirtualMachines/jdk1.7.0_09.jdk/Contents/Home/jre/lib/server/libjvm.dylib
0x000000010c42d000 	/Library/Java/JavaVirtualMachines/jdk1.7.0_09.jdk/Contents/Home/jre/lib/libverify.dylib
0x000000010c43a000 	/Library/Java/JavaVirtualMachines/jdk1.7.0_09.jdk/Contents/Home/jre/lib/libjava.dylib
0x000000010c46a000 	/Library/Java/JavaVirtualMachines/jdk1.7.0_09.jdk/Contents/Home/jre/lib/libzip.dylib
0x00000001148b4000 	/System/Library/Frameworks/JavaVM.framework/Frameworks/JavaRuntimeSupport.framework/JavaRuntimeSupport
0x00000001148cc000 	/System/Library/Frameworks/JavaVM.framework/Versions/A/Frameworks/JavaNativeFoundation.framework/Versions/A/JavaNativeFoundation
0x00000001148e1000 	/System/Library/Frameworks/JavaVM.framework/Versions/A/JavaVM
0x0000000006aae000 	/System/Library/Frameworks/Carbon.framework/Versions/A/Carbon
0x00000001148ee000 	/System/Library/PrivateFrameworks/JavaLaunching.framework/Versions/A/JavaLaunching
0x0000000006aae000 	/System/Library/Frameworks/Carbon.framework/Versions/A/Frameworks/CommonPanels.framework/Versions/A/CommonPanels
0x0000000006aae000 	/System/Library/Frameworks/Carbon.framework/Versions/A/Frameworks/Help.framework/Versions/A/Help
0x0000000006aae000 	/System/Library/Frameworks/Carbon.framework/Versions/A/Frameworks/ImageCapture.framework/Versions/A/ImageCapture
0x0000000006aae000 	/System/Library/Frameworks/Carbon.framework/Versions/A/Frameworks/OpenScripting.framework/Versions/A/OpenScripting
0x0000000006aae000 	/System/Library/Frameworks/Carbon.framework/Versions/A/Frameworks/Print.framework/Versions/A/Print
0x0000000006aae000 	/System/Library/Frameworks/Carbon.framework/Versions/A/Frameworks/SecurityHI.framework/Versions/A/SecurityHI
0x0000000115210000 	/Library/Java/JavaVirtualMachines/jdk1.7.0_09.jdk/Contents/Home/jre/lib/libdeploy.dylib
0x0000000115456000 	/Library/Java/JavaVirtualMachines/jdk1.7.0_09.jdk/Contents/Home/jre/lib/libprism-es2.dylib
0x00000001154ce000 	/System/Library/Frameworks/OpenGL.framework/Resources/GLEngine.bundle/GLEngine
0x00000001156bd000 	/System/Library/Frameworks/OpenGL.framework/Versions/A/Libraries/libGLProgrammability.dylib
0x0000000115849000 	/System/Library/Extensions/AppleIntelHD3000GraphicsGLDriver.bundle/Contents/MacOS/AppleIntelHD3000GraphicsGLDriver
0x0000000115d9d000 	/System/Library/PrivateFrameworks/GPUSupport.framework/Versions/A/Libraries/libGPUSupport.dylib
0x0000000115db2000 	/System/Library/Frameworks/OpenGL.framework/Resources//GLRendererFloat.bundle/GLRendererFloat
0x0000000115de9000 	/System/Library/Frameworks/OpenCL.framework/Versions/A/Libraries/libcldcpuengine.dylib
0x0000000006aae000 	/System/Library/PrivateFrameworks/DiskImages.framework/Versions/A/DiskImages
0x0000000115df9000 	/System/Library/Frameworks/OpenGL.framework/Versions/A/Libraries/libCoreFSCache.dylib
0x0000000006aae000 	/System/Library/Frameworks/DiscRecording.framework/Versions/A/DiscRecording
0x0000000006aae000 	/usr/lib/libcurl.4.dylib
0x0000000006aae000 	/System/Library/PrivateFrameworks/MediaKit.framework/Versions/A/MediaKit
0x0000000006aae000 	/usr/lib/libssl.0.9.8.dylib
0x0000000006aae000 	/System/Library/Frameworks/LDAP.framework/Versions/A/LDAP
0x0000000006aae000 	/usr/lib/libsasl2.2.dylib
0x00000001160e4000 	/Library/Java/JavaVirtualMachines/jdk1.7.0_09.jdk/Contents/Home/jre/lib/libglass.dylib
0x0000000006aae000 	/System/Library/PrivateFrameworks/CoreServicesInternal.framework/Versions/A/CoreServicesInternal
0x0000000006aae000 	/System/Library/CoreServices/RawCamera.bundle/Contents/MacOS/RawCamera
0x0000000006aae000 	/System/Library/Frameworks/ApplicationServices.framework/Versions/A/Frameworks/CoreGraphics.framework/Versions/A/Resources/libCSync.A.dylib
0x0000000006aae000 	/System/Library/Frameworks/ApplicationServices.framework/Versions/A/Frameworks/CoreGraphics.framework/Versions/A/Resources/libRIP.A.dylib
0x0000000006aae000 	/System/Library/Frameworks/ApplicationServices.framework/Versions/A/Frameworks/CoreGraphics.framework/Versions/A/Resources/libCGXType.A.dylib

VM Arguments:
jvm_args: -Dfile.encoding=UTF-8 
java_command: com.javafx.main.Main
Launcher Type: SUN_STANDARD

Environment Variables:
PATH=/usr/bin:/bin:/usr/sbin:/sbin
LD_LIBRARY_PATH=/Library/Java/JavaVirtualMachines/jdk1.7.0_09.jdk/Contents/Home/jre/lib/amd64:/Library/Java/JavaVirtualMachines/jdk1.7.0_09.jdk/Contents/Home/jre/lib/i386:
SHELL=/bin/bash
DISPLAY=/tmp/launch-6BMxs9/org.x:0

Signal Handlers:
SIGSEGV: [libjvm.dylib+0x4a3a1d], sa_mask[0]=0xfffefeff, sa_flags=0x00000042
SIGBUS: [libjvm.dylib+0x4a3a1d], sa_mask[0]=0xfffefeff, sa_flags=0x00000042
SIGFPE: [libjvm.dylib+0x3b3431], sa_mask[0]=0xfffefeff, sa_flags=0x00000042
SIGPIPE: [libjvm.dylib+0x3b3431], sa_mask[0]=0xfffefeff, sa_flags=0x00000042
SIGXFSZ: [libjvm.dylib+0x3b3431], sa_mask[0]=0xfffefeff, sa_flags=0x00000042
SIGILL: [libjvm.dylib+0x3b3431], sa_mask[0]=0xfffefeff, sa_flags=0x00000042
SIGUSR1: SIG_DFL, sa_mask[0]=0x00000000, sa_flags=0x00000002
SIGUSR2: [libjvm.dylib+0x3b2fca], sa_mask[0]=0x00000004, sa_flags=0x00000042
SIGHUP: [libjvm.dylib+0x3b122b], sa_mask[0]=0xfffefeff, sa_flags=0x00000042
SIGINT: SIG_IGN, sa_mask[0]=0x00000000, sa_flags=0x00000000
SIGTERM: [libjvm.dylib+0x3b122b], sa_mask[0]=0xfffefeff, sa_flags=0x00000042
SIGQUIT: [libjvm.dylib+0x3b122b], sa_mask[0]=0xfffefeff, sa_flags=0x00000042


---------------  S Y S T E M  ---------------

OS:Bsduname:Darwin 11.4.2 Darwin Kernel Version 11.4.2: Thu Aug 23 16:25:48 PDT 2012; root:xnu-1699.32.7~1/RELEASE_X86_64 x86_64
rlimit: STACK 8192k, CORE 0k, NPROC 709, NOFILE 10240, AS infinity
load average:1.00 1.06 1.01

CPU:total 4 (2 cores per cpu, 2 threads per core) family 6 model 42 stepping 7, cmov, cx8, fxsr, mmx, sse, sse2, sse3, ssse3, sse4.1, sse4.2, popcnt, avx, ht, tsc, tscinvbit

Memory: 4k page, physical 5293032k(1323258k free)

/proc/meminfo:


vm_info: Java HotSpot(TM) 64-Bit Server VM (23.5-b02) for bsd-amd64 JRE (1.7.0_09-b05), built on Sep 24 2012 21:39:08 by "java_re" with gcc 4.2.1 (Based on Apple Inc. build 5658) (LLVM build 2336.9.00)

time: Sun Nov 11 01:32:23 2012
elapsed time: 2 seconds

